<?xml version="1.0" encoding="UTF-8" standalone="yes"?><!DOCTYPE report PUBLIC "-//JACOCO//DTD Report 1.1//EN" "report.dtd"><report name="mr_card_game_service"><sessioninfo id="LAPTOP-IUDN83L6-81fcda4b" start="1631022078830" dump="1631022092322"/><package name="i5/las2peer/services/mRCardGameService"><class name="i5/las2peer/services/mRCardGameService/UnityConverter" sourcefilename="UnityConverter.java"><method name="&lt;init&gt;" desc="()V" line="23"><counter type="INSTRUCTION" missed="3" covered="0"/><counter type="LINE" missed="1" covered="0"/><counter type="COMPLEXITY" missed="1" covered="0"/><counter type="METHOD" missed="1" covered="0"/></method><method name="toUnityCompatibleArray" desc="(Ljava/lang/Object;)Ljava/lang/String;" line="34"><counter type="INSTRUCTION" missed="13" covered="0"/><counter type="LINE" missed="3" covered="0"/><counter type="COMPLEXITY" missed="1" covered="0"/><counter type="METHOD" missed="1" covered="0"/></method><counter type="INSTRUCTION" missed="16" covered="0"/><counter type="LINE" missed="4" covered="0"/><counter type="COMPLEXITY" missed="2" covered="0"/><counter type="METHOD" missed="2" covered="0"/><counter type="CLASS" missed="1" covered="0"/></class><class name="i5/las2peer/services/mRCardGameService/MRCardGameService" sourcefilename="MRCardGameService.java"><method name="&lt;init&gt;" desc="()V" line="69"><counter type="INSTRUCTION" missed="0" covered="3"/><counter type="LINE" missed="0" covered="1"/><counter type="COMPLEXITY" missed="0" covered="1"/><counter type="METHOD" missed="0" covered="1"/></method><method name="getTemplate" desc="()Ljavax/ws/rs/core/Response;" line="87"><counter type="INSTRUCTION" missed="0" covered="12"/><counter type="LINE" missed="0" covered="3"/><counter type="COMPLEXITY" missed="0" covered="1"/><counter type="METHOD" missed="0" covered="1"/></method><method name="postTemplate" desc="(Ljava/lang/String;)Ljavax/ws/rs/core/Response;" line="109"><counter type="INSTRUCTION" missed="0" covered="11"/><counter type="LINE" missed="0" covered="3"/><counter type="COMPLEXITY" missed="0" covered="1"/><counter type="METHOD" missed="0" covered="1"/></method><method name="ping" desc="()Ljavax/ws/rs/core/Response;" line="126"><counter type="INSTRUCTION" missed="8" covered="0"/><counter type="LINE" missed="2" covered="0"/><counter type="COMPLEXITY" missed="1" covered="0"/><counter type="METHOD" missed="1" covered="0"/></method><method name="getLevels" desc="()Ljavax/ws/rs/core/Response;" line="145"><counter type="INSTRUCTION" missed="44" covered="0"/><counter type="BRANCH" missed="2" covered="0"/><counter type="LINE" missed="9" covered="0"/><counter type="COMPLEXITY" missed="2" covered="0"/><counter type="METHOD" missed="1" covered="0"/></method><method name="getFilesInLevel" desc="(Ljava/lang/String;)Ljavax/ws/rs/core/Response;" line="184"><counter type="INSTRUCTION" missed="55" covered="0"/><counter type="BRANCH" missed="2" covered="0"/><counter type="LINE" missed="11" covered="0"/><counter type="COMPLEXITY" missed="2" covered="0"/><counter type="METHOD" missed="1" covered="0"/></method><method name="loadData" desc="(Ljava/lang/String;Ljava/lang/String;)Ljavax/ws/rs/core/Response;" line="233"><counter type="INSTRUCTION" missed="38" covered="0"/><counter type="LINE" missed="9" covered="0"/><counter type="COMPLEXITY" missed="1" covered="0"/><counter type="METHOD" missed="1" covered="0"/></method><method name="saveData" desc="(Ljava/lang/String;Ljava/lang/String;[B)Ljavax/ws/rs/core/Response;" line="276"><counter type="INSTRUCTION" missed="48" covered="0"/><counter type="BRANCH" missed="2" covered="0"/><counter type="LINE" missed="14" covered="0"/><counter type="COMPLEXITY" missed="2" covered="0"/><counter type="METHOD" missed="1" covered="0"/></method><method name="writeLine" desc="()V" line="323"><counter type="INSTRUCTION" missed="4" covered="0"/><counter type="LINE" missed="2" covered="0"/><counter type="COMPLEXITY" missed="1" covered="0"/><counter type="METHOD" missed="1" covered="0"/></method><method name="lambda$getFilesInLevel$0" desc="(Ljava/io/File;Ljava/lang/String;)Z" line="189"><counter type="INSTRUCTION" missed="4" covered="0"/><counter type="LINE" missed="1" covered="0"/><counter type="COMPLEXITY" missed="1" covered="0"/><counter type="METHOD" missed="1" covered="0"/></method><counter type="INSTRUCTION" missed="201" covered="26"/><counter type="BRANCH" missed="6" covered="0"/><counter type="LINE" missed="47" covered="7"/><counter type="COMPLEXITY" missed="10" covered="3"/><counter type="METHOD" missed="7" covered="3"/><counter type="CLASS" missed="0" covered="1"/></class><sourcefile name="UnityConverter.java"><line nr="23" mi="3" ci="0" mb="0" cb="0"/><line nr="34" mi="4" ci="0" mb="0" cb="0"/><line nr="37" mi="5" ci="0" mb="0" cb="0"/><line nr="40" mi="4" ci="0" mb="0" cb="0"/><counter type="INSTRUCTION" missed="16" covered="0"/><counter type="LINE" missed="4" covered="0"/><counter type="COMPLEXITY" missed="2" covered="0"/><counter type="METHOD" missed="2" covered="0"/><counter type="CLASS" missed="1" covered="0"/></sourcefile><sourcefile name="MRCardGameService.java"><line nr="69" mi="0" ci="3" mb="0" cb="0"/><line nr="87" mi="0" ci="4" mb="0" cb="0"/><line nr="88" mi="0" ci="3" mb="0" cb="0"/><line nr="89" mi="0" ci="5" mb="0" cb="0"/><line nr="109" mi="0" ci="2" mb="0" cb="0"/><line nr="110" mi="0" ci="4" mb="0" cb="0"/><line nr="111" mi="0" ci="5" mb="0" cb="0"/><line nr="126" mi="3" ci="0" mb="0" cb="0"/><line nr="127" mi="5" ci="0" mb="0" cb="0"/><line nr="145" mi="5" ci="0" mb="0" cb="0"/><line nr="148" mi="3" ci="0" mb="0" cb="0"/><line nr="150" mi="4" ci="0" mb="0" cb="0"/><line nr="152" mi="11" ci="0" mb="2" cb="0"/><line nr="154" mi="7" ci="0" mb="0" cb="0"/><line nr="160" mi="3" ci="0" mb="0" cb="0"/><line nr="161" mi="5" ci="0" mb="0" cb="0"/><line nr="165" mi="1" ci="0" mb="0" cb="0"/><line nr="167" mi="5" ci="0" mb="0" cb="0"/><line nr="184" mi="6" ci="0" mb="0" cb="0"/><line nr="186" mi="4" ci="0" mb="0" cb="0"/><line nr="189" mi="8" ci="0" mb="0" cb="0"/><line nr="192" mi="4" ci="0" mb="0" cb="0"/><line nr="195" mi="8" ci="0" mb="2" cb="0"/><line nr="198" mi="5" ci="0" mb="0" cb="0"/><line nr="201" mi="10" ci="0" mb="0" cb="0"/><line nr="207" mi="3" ci="0" mb="0" cb="0"/><line nr="208" mi="5" ci="0" mb="0" cb="0"/><line nr="212" mi="1" ci="0" mb="0" cb="0"/><line nr="214" mi="5" ci="0" mb="0" cb="0"/><line nr="233" mi="4" ci="0" mb="0" cb="0"/><line nr="235" mi="4" ci="0" mb="0" cb="0"/><line nr="240" mi="9" ci="0" mb="0" cb="0"/><line nr="242" mi="4" ci="0" mb="0" cb="0"/><line nr="245" mi="5" ci="0" mb="0" cb="0"/><line nr="249" mi="1" ci="0" mb="0" cb="0"/><line nr="251" mi="5" ci="0" mb="0" cb="0"/><line nr="255" mi="1" ci="0" mb="0" cb="0"/><line nr="257" mi="5" ci="0" mb="0" cb="0"/><line nr="276" mi="3" ci="0" mb="0" cb="0"/><line nr="277" mi="4" ci="0" mb="0" cb="0"/><line nr="280" mi="5" ci="0" mb="0" cb="0"/><line nr="283" mi="3" ci="0" mb="2" cb="0"/><line nr="286" mi="3" ci="0" mb="0" cb="0"/><line nr="290" mi="6" ci="0" mb="0" cb="0"/><line nr="292" mi="4" ci="0" mb="0" cb="0"/><line nr="295" mi="5" ci="0" mb="0" cb="0"/><line nr="297" mi="3" ci="0" mb="0" cb="0"/><line nr="298" mi="4" ci="0" mb="0" cb="0"/><line nr="302" mi="1" ci="0" mb="0" cb="0"/><line nr="304" mi="3" ci="0" mb="0" cb="0"/><line nr="305" mi="1" ci="0" mb="0" cb="0"/><line nr="308" mi="3" ci="0" mb="0" cb="0"/><line nr="323" mi="3" ci="0" mb="0" cb="0"/><line nr="324" mi="1" ci="0" mb="0" cb="0"/><counter type="INSTRUCTION" missed="201" covered="26"/><counter type="BRANCH" missed="6" covered="0"/><counter type="LINE" missed="47" covered="7"/><counter type="COMPLEXITY" missed="10" covered="3"/><counter type="METHOD" missed="7" covered="3"/><counter type="CLASS" missed="0" covered="1"/></sourcefile><counter type="INSTRUCTION" missed="217" covered="26"/><counter type="BRANCH" missed="6" covered="0"/><counter type="LINE" missed="51" covered="7"/><counter type="COMPLEXITY" missed="12" covered="3"/><counter type="METHOD" missed="9" covered="3"/><counter type="CLASS" missed="1" covered="1"/></package><counter type="INSTRUCTION" missed="217" covered="26"/><counter type="BRANCH" missed="6" covered="0"/><counter type="LINE" missed="51" covered="7"/><counter type="COMPLEXITY" missed="12" covered="3"/><counter type="METHOD" missed="9" covered="3"/><counter type="CLASS" missed="1" covered="1"/></report>